This is pdfTeX, Version 3.1415926-1.40.8-alpha-20080323 (MiKTeX 2.7) (preloaded format=latex 2009.1.29)  7 SEP 2010 12:10
entering extended mode
**motivacion.tex
(motivacion.tex
LaTeX2e <2005/12/01>
Babel <v3.8j> and hyphenation patterns for english, dumylang, nohyphenation, ge
rman, ngerman, french, loaded.
! Undefined control sequence.
l.1 \section
            {Motivaci\'on del plan de trabajo}
? 
! Emergency stop.
l.1 \section
            {Motivaci\'on del plan de trabajo}
End of file on the terminal!

 
Here is how much of TeX's memory you used:
 6 strings out of 95338
 116 string characters out of 1183856
 44917 words of memory out of 1500000
 3290 multiletter control sequences out of 110000
 3640 words of font info for 14 fonts, out of 1200000 for 2000
 14 hyphenation exceptions out of 8191
 5i,0n,1p,60b,8s stack positions out of 5000i,500n,10000p,200000b,5000s
No pages of output.
