This is pdfTeX, Version 3.1415926-2.4-1.40.13 (TeX Live 2012/Debian) (format=pdflatex 2013.4.12)  25 JUN 2013 11:39
entering extended mode
 restricted \write18 enabled.
 %&-line parsing enabled.
**thesis.tex
(./thesis.tex
LaTeX2e <2011/06/27>
Babel <v3.8m> and hyphenation patterns for english, dumylang, nohyphenation, et
hiopic, farsi, arabic, pinyin, croatian, bulgarian, ukrainian, russian, slovak,
 czech, danish, dutch, usenglishmax, ukenglish, finnish, french, basque, ngerma
n, german, swissgerman, ngerman-x-2012-05-30, german-x-2012-05-30, monogreek, g
reek, ibycus, ancientgreek, hungarian, bengali, tamil, hindi, telugu, gujarati,
 sanskrit, malayalam, kannada, assamese, marathi, oriya, panjabi, italian, lati
n, latvian, lithuanian, mongolian, mongolianlmc, nynorsk, bokmal, indonesian, e
speranto, coptic, welsh, irish, interlingua, serbian, serbianc, slovenian, friu
lan, romansh, estonian, romanian, armenian, uppersorbian, turkish, afrikaans, i
celandic, kurmanji, polish, portuguese, galician, catalan, spanish, swedish, th
ai, loaded.
(/usr/share/texlive/texmf-dist/tex/latex/base/book.cls
Document Class: book 2007/10/19 v1.4h Standard LaTeX document class
(/usr/share/texlive/texmf-dist/tex/latex/base/bk10.clo
File: bk10.clo 2007/10/19 v1.4h Standard LaTeX file (size option)
)
\c@part=\count79
\c@chapter=\count80
\c@section=\count81
\c@subsection=\count82
\c@subsubsection=\count83
\c@paragraph=\count84
\c@subparagraph=\count85
\c@figure=\count86
\c@table=\count87
\abovecaptionskip=\skip41
\belowcaptionskip=\skip42
\bibindent=\dimen102
)
(/usr/share/texlive/texmf-dist/tex/latex/geometry/geometry.sty
Package: geometry 2010/09/12 v5.6 Page Geometry

(/usr/share/texlive/texmf-dist/tex/latex/graphics/keyval.sty
Package: keyval 1999/03/16 v1.13 key=value parser (DPC)
\KV@toks@=\toks14
)
(/usr/share/texlive/texmf-dist/tex/generic/oberdiek/ifpdf.sty
Package: ifpdf 2011/01/30 v2.3 Provides the ifpdf switch (HO)
Package ifpdf Info: pdfTeX in PDF mode is detected.
)
(/usr/share/texlive/texmf-dist/tex/generic/oberdiek/ifvtex.sty
Package: ifvtex 2010/03/01 v1.5 Detect VTeX and its facilities (HO)
Package ifvtex Info: VTeX not detected.
)
(/usr/share/texlive/texmf-dist/tex/generic/ifxetex/ifxetex.sty
Package: ifxetex 2010/09/12 v0.6 Provides ifxetex conditional
)
\Gm@cnth=\count88
\Gm@cntv=\count89
\c@Gm@tempcnt=\count90
\Gm@bindingoffset=\dimen103
\Gm@wd@mp=\dimen104
\Gm@odd@mp=\dimen105
\Gm@even@mp=\dimen106
\Gm@layoutwidth=\dimen107
\Gm@layoutheight=\dimen108
\Gm@layouthoffset=\dimen109
\Gm@layoutvoffset=\dimen110
\Gm@dimlist=\toks15
)
(/usr/share/texlive/texmf-dist/tex/latex/base/fontenc.sty
Package: fontenc 2005/09/27 v1.99g Standard LaTeX package

(/usr/share/texlive/texmf-dist/tex/latex/base/t1enc.def
File: t1enc.def 2005/09/27 v1.99g Standard LaTeX file
LaTeX Font Info:    Redeclaring font encoding T1 on input line 43.
))
(/usr/share/texlive/texmf-dist/tex/latex/base/inputenc.sty
Package: inputenc 2008/03/30 v1.1d Input encoding file
\inpenc@prehook=\toks16
\inpenc@posthook=\toks17

(/usr/share/texlive/texmf-dist/tex/latex/base/latin1.def
File: latin1.def 2008/03/30 v1.1d Input encoding file
))
(/var/lib/texmf/tex/generic/babel/babel.sty
Package: babel 2008/07/08 v3.8m The Babel package

(/usr/share/texlive/texmf-dist/tex/generic/babel/spanish.ldf
Language: spanish.ldf 2011/10/06 v5.0k Spanish support from the babel system

(/usr/share/texlive/texmf-dist/tex/generic/babel/babel.def
File: babel.def 2008/07/08 v3.8m Babel common definitions
\babel@savecnt=\count91
\U@D=\dimen111
)
\es@datefmt=\count92
\es@quottoks=\toks18
\es@quotdepth=\count93
Package babel Info: Making " an active character on input line 496.
Package babel Info: Making . an active character on input line 599.
Package babel Info: Making < an active character on input line 644.
Package babel Info: Making > an active character on input line 644.
))
(/usr/share/texlive/texmf-dist/tex/latex/amsfonts/amssymb.sty
Package: amssymb 2009/06/22 v3.00

(/usr/share/texlive/texmf-dist/tex/latex/amsfonts/amsfonts.sty
Package: amsfonts 2009/06/22 v3.00 Basic AMSFonts support
\@emptytoks=\toks19
\symAMSa=\mathgroup4
\symAMSb=\mathgroup5
LaTeX Font Info:    Overwriting math alphabet `\mathfrak' in version `bold'
(Font)                  U/euf/m/n --> U/euf/b/n on input line 96.
))
(/usr/share/texlive/texmf-dist/tex/latex/amsmath/amsmath.sty
Package: amsmath 2000/07/18 v2.13 AMS math features
\@mathmargin=\skip43

For additional information on amsmath, use the `?' option.
(/usr/share/texlive/texmf-dist/tex/latex/amsmath/amstext.sty
Package: amstext 2000/06/29 v2.01

(/usr/share/texlive/texmf-dist/tex/latex/amsmath/amsgen.sty
File: amsgen.sty 1999/11/30 v2.0
\@emptytoks=\toks20
\ex@=\dimen112
))
(/usr/share/texlive/texmf-dist/tex/latex/amsmath/amsbsy.sty
Package: amsbsy 1999/11/29 v1.2d
\pmbraise@=\dimen113
)
(/usr/share/texlive/texmf-dist/tex/latex/amsmath/amsopn.sty
Package: amsopn 1999/12/14 v2.01 operator names
)
\inf@bad=\count94
LaTeX Info: Redefining \frac on input line 211.
\uproot@=\count95
\leftroot@=\count96
LaTeX Info: Redefining \overline on input line 307.
\classnum@=\count97
\DOTSCASE@=\count98
LaTeX Info: Redefining \ldots on input line 379.
LaTeX Info: Redefining \dots on input line 382.
LaTeX Info: Redefining \cdots on input line 467.
\Mathstrutbox@=\box26
\strutbox@=\box27
\big@size=\dimen114
LaTeX Font Info:    Redeclaring font encoding OML on input line 567.
LaTeX Font Info:    Redeclaring font encoding OMS on input line 568.
\macc@depth=\count99
\c@MaxMatrixCols=\count100
\dotsspace@=\muskip10
\c@parentequation=\count101
\dspbrk@lvl=\count102
\tag@help=\toks21
\row@=\count103
\column@=\count104
\maxfields@=\count105
\andhelp@=\toks22
\eqnshift@=\dimen115
\alignsep@=\dimen116
\tagshift@=\dimen117
\tagwidth@=\dimen118
\totwidth@=\dimen119
\lineht@=\dimen120
\@envbody=\toks23
\multlinegap=\skip44
\multlinetaggap=\skip45
\mathdisplay@stack=\toks24
LaTeX Info: Redefining \[ on input line 2666.
LaTeX Info: Redefining \] on input line 2667.
)
(/usr/share/texlive/texmf-dist/tex/latex/amscls/amsthm.sty
Package: amsthm 2009/07/02 v2.20.1
\thm@style=\toks25
\thm@bodyfont=\toks26
\thm@headfont=\toks27
\thm@notefont=\toks28
\thm@headpunct=\toks29
\thm@preskip=\skip46
\thm@postskip=\skip47
\thm@headsep=\skip48
\dth@everypar=\toks30
)
(/usr/share/texlive/texmf-dist/tex/latex/tools/enumerate.sty
Package: enumerate 1999/03/05 v3.00 enumerate extensions (DPC)
\@enLab=\toks31
)
(/usr/share/texlive/texmf-dist/tex/latex/graphics/epsfig.sty
Package: epsfig 1999/02/16 v1.7a (e)psfig emulation (SPQR)

(/usr/share/texlive/texmf-dist/tex/latex/graphics/graphicx.sty
Package: graphicx 1999/02/16 v1.0f Enhanced LaTeX Graphics (DPC,SPQR)

(/usr/share/texlive/texmf-dist/tex/latex/graphics/graphics.sty
Package: graphics 2009/02/05 v1.0o Standard LaTeX Graphics (DPC,SPQR)

(/usr/share/texlive/texmf-dist/tex/latex/graphics/trig.sty
Package: trig 1999/03/16 v1.09 sin cos tan (DPC)
)
(/usr/share/texlive/texmf-dist/tex/latex/latexconfig/graphics.cfg
File: graphics.cfg 2010/04/23 v1.9 graphics configuration of TeX Live
)
Package graphics Info: Driver file: pdftex.def on input line 91.

(/usr/share/texlive/texmf-dist/tex/latex/pdftex-def/pdftex.def
File: pdftex.def 2011/05/27 v0.06d Graphics/color for pdfTeX

(/usr/share/texlive/texmf-dist/tex/generic/oberdiek/infwarerr.sty
Package: infwarerr 2010/04/08 v1.3 Providing info/warning/error messages (HO)
)
(/usr/share/texlive/texmf-dist/tex/generic/oberdiek/ltxcmds.sty
Package: ltxcmds 2011/11/09 v1.22 LaTeX kernel commands for general use (HO)
)
\Gread@gobject=\count106
))
\Gin@req@height=\dimen121
\Gin@req@width=\dimen122
)
\epsfxsize=\dimen123
\epsfysize=\dimen124
)
(/usr/share/texlive/texmf-dist/tex/latex/multirow/multirow.sty
\bigstrutjot=\dimen125
)
(/usr/share/texmf/tex/latex/pgf/frontendlayer/tikz.sty
(/usr/share/texmf/tex/latex/pgf/basiclayer/pgf.sty
(/usr/share/texmf/tex/latex/pgf/utilities/pgfrcs.sty
(/usr/share/texmf/tex/generic/pgf/utilities/pgfutil-common.tex
\pgfutil@everybye=\toks32
)
(/usr/share/texmf/tex/generic/pgf/utilities/pgfutil-latex.def
\pgfutil@abb=\box28

(/usr/share/texlive/texmf-dist/tex/latex/ms/everyshi.sty
Package: everyshi 2001/05/15 v3.00 EveryShipout Package (MS)
))
(/usr/share/texmf/tex/generic/pgf/utilities/pgfrcs.code.tex
Package: pgfrcs 2010/10/25 v2.10 (rcs-revision 1.24)
))
Package: pgf 2008/01/15 v2.10 (rcs-revision 1.12)

(/usr/share/texmf/tex/latex/pgf/basiclayer/pgfcore.sty
(/usr/share/texmf/tex/latex/pgf/systemlayer/pgfsys.sty
(/usr/share/texmf/tex/generic/pgf/systemlayer/pgfsys.code.tex
Package: pgfsys 2010/06/30 v2.10 (rcs-revision 1.37)

(/usr/share/texmf/tex/generic/pgf/utilities/pgfkeys.code.tex
\pgfkeys@pathtoks=\toks33
\pgfkeys@temptoks=\toks34

(/usr/share/texmf/tex/generic/pgf/utilities/pgfkeysfiltered.code.tex
\pgfkeys@tmptoks=\toks35
))
\pgf@x=\dimen126
\pgf@y=\dimen127
\pgf@xa=\dimen128
\pgf@ya=\dimen129
\pgf@xb=\dimen130
\pgf@yb=\dimen131
\pgf@xc=\dimen132
\pgf@yc=\dimen133
\w@pgf@writea=\write3
\r@pgf@reada=\read1
\c@pgf@counta=\count107
\c@pgf@countb=\count108
\c@pgf@countc=\count109
\c@pgf@countd=\count110

(/usr/share/texmf/tex/generic/pgf/systemlayer/pgf.cfg
File: pgf.cfg 2008/05/14  (rcs-revision 1.7)
)
Package pgfsys Info: Driver file for pgf: pgfsys-pdftex.def on input line 900.

(/usr/share/texmf/tex/generic/pgf/systemlayer/pgfsys-pdftex.def
File: pgfsys-pdftex.def 2009/05/22  (rcs-revision 1.26)

(/usr/share/texmf/tex/generic/pgf/systemlayer/pgfsys-common-pdf.def
File: pgfsys-common-pdf.def 2008/05/19  (rcs-revision 1.10)
)))
(/usr/share/texmf/tex/generic/pgf/systemlayer/pgfsyssoftpath.code.tex
File: pgfsyssoftpath.code.tex 2008/07/18  (rcs-revision 1.7)
\pgfsyssoftpath@smallbuffer@items=\count111
\pgfsyssoftpath@bigbuffer@items=\count112
)
(/usr/share/texmf/tex/generic/pgf/systemlayer/pgfsysprotocol.code.tex
File: pgfsysprotocol.code.tex 2006/10/16  (rcs-revision 1.4)
))
(/usr/share/texmf/tex/latex/xcolor/xcolor.sty
Package: xcolor 2007/01/21 v2.11 LaTeX color extensions (UK)

(/usr/share/texlive/texmf-dist/tex/latex/latexconfig/color.cfg
File: color.cfg 2007/01/18 v1.5 color configuration of teTeX/TeXLive
)
Package xcolor Info: Driver file: pdftex.def on input line 225.
Package xcolor Info: Model `cmy' substituted by `cmy0' on input line 1337.
Package xcolor Info: Model `hsb' substituted by `rgb' on input line 1341.
Package xcolor Info: Model `RGB' extended on input line 1353.
Package xcolor Info: Model `HTML' substituted by `rgb' on input line 1355.
Package xcolor Info: Model `Hsb' substituted by `hsb' on input line 1356.
Package xcolor Info: Model `tHsb' substituted by `hsb' on input line 1357.
Package xcolor Info: Model `HSB' substituted by `hsb' on input line 1358.
Package xcolor Info: Model `Gray' substituted by `gray' on input line 1359.
Package xcolor Info: Model `wave' substituted by `hsb' on input line 1360.
)
(/usr/share/texmf/tex/generic/pgf/basiclayer/pgfcore.code.tex
Package: pgfcore 2010/04/11 v2.10 (rcs-revision 1.7)

(/usr/share/texmf/tex/generic/pgf/math/pgfmath.code.tex
(/usr/share/texmf/tex/generic/pgf/math/pgfmathcalc.code.tex
(/usr/share/texmf/tex/generic/pgf/math/pgfmathutil.code.tex)
(/usr/share/texmf/tex/generic/pgf/math/pgfmathparser.code.tex
\pgfmath@dimen=\dimen134
\pgfmath@count=\count113
\pgfmath@box=\box29
\pgfmath@toks=\toks36
\pgfmath@stack@operand=\toks37
\pgfmath@stack@operation=\toks38
)
(/usr/share/texmf/tex/generic/pgf/math/pgfmathfunctions.code.tex
(/usr/share/texmf/tex/generic/pgf/math/pgfmathfunctions.basic.code.tex)
(/usr/share/texmf/tex/generic/pgf/math/pgfmathfunctions.trigonometric.code.tex)
(/usr/share/texmf/tex/generic/pgf/math/pgfmathfunctions.random.code.tex)
(/usr/share/texmf/tex/generic/pgf/math/pgfmathfunctions.comparison.code.tex)
(/usr/share/texmf/tex/generic/pgf/math/pgfmathfunctions.base.code.tex)
(/usr/share/texmf/tex/generic/pgf/math/pgfmathfunctions.round.code.tex)
(/usr/share/texmf/tex/generic/pgf/math/pgfmathfunctions.misc.code.tex)))
(/usr/share/texmf/tex/generic/pgf/math/pgfmathfloat.code.tex
\c@pgfmathroundto@lastzeros=\count114
))
(/usr/share/texmf/tex/generic/pgf/basiclayer/pgfcorepoints.code.tex
File: pgfcorepoints.code.tex 2010/04/09  (rcs-revision 1.20)
\pgf@picminx=\dimen135
\pgf@picmaxx=\dimen136
\pgf@picminy=\dimen137
\pgf@picmaxy=\dimen138
\pgf@pathminx=\dimen139
\pgf@pathmaxx=\dimen140
\pgf@pathminy=\dimen141
\pgf@pathmaxy=\dimen142
\pgf@xx=\dimen143
\pgf@xy=\dimen144
\pgf@yx=\dimen145
\pgf@yy=\dimen146
\pgf@zx=\dimen147
\pgf@zy=\dimen148
)
(/usr/share/texmf/tex/generic/pgf/basiclayer/pgfcorepathconstruct.code.tex
File: pgfcorepathconstruct.code.tex 2010/08/03  (rcs-revision 1.24)
\pgf@path@lastx=\dimen149
\pgf@path@lasty=\dimen150
)
(/usr/share/texmf/tex/generic/pgf/basiclayer/pgfcorepathusage.code.tex
File: pgfcorepathusage.code.tex 2008/04/22  (rcs-revision 1.12)
\pgf@shorten@end@additional=\dimen151
\pgf@shorten@start@additional=\dimen152
)
(/usr/share/texmf/tex/generic/pgf/basiclayer/pgfcorescopes.code.tex
File: pgfcorescopes.code.tex 2010/09/08  (rcs-revision 1.34)
\pgfpic=\box30
\pgf@hbox=\box31
\pgf@layerbox@main=\box32
\pgf@picture@serial@count=\count115
)
(/usr/share/texmf/tex/generic/pgf/basiclayer/pgfcoregraphicstate.code.tex
File: pgfcoregraphicstate.code.tex 2008/04/22  (rcs-revision 1.9)
\pgflinewidth=\dimen153
)
(/usr/share/texmf/tex/generic/pgf/basiclayer/pgfcoretransformations.code.tex
File: pgfcoretransformations.code.tex 2009/06/10  (rcs-revision 1.11)
\pgf@pt@x=\dimen154
\pgf@pt@y=\dimen155
\pgf@pt@temp=\dimen156
)
(/usr/share/texmf/tex/generic/pgf/basiclayer/pgfcorequick.code.tex
File: pgfcorequick.code.tex 2008/10/09  (rcs-revision 1.3)
)
(/usr/share/texmf/tex/generic/pgf/basiclayer/pgfcoreobjects.code.tex
File: pgfcoreobjects.code.tex 2006/10/11  (rcs-revision 1.2)
)
(/usr/share/texmf/tex/generic/pgf/basiclayer/pgfcorepathprocessing.code.tex
File: pgfcorepathprocessing.code.tex 2008/10/09  (rcs-revision 1.8)
)
(/usr/share/texmf/tex/generic/pgf/basiclayer/pgfcorearrows.code.tex
File: pgfcorearrows.code.tex 2008/04/23  (rcs-revision 1.11)
)
(/usr/share/texmf/tex/generic/pgf/basiclayer/pgfcoreshade.code.tex
File: pgfcoreshade.code.tex 2008/11/23  (rcs-revision 1.13)
\pgf@max=\dimen157
\pgf@sys@shading@range@num=\count116
)
(/usr/share/texmf/tex/generic/pgf/basiclayer/pgfcoreimage.code.tex
File: pgfcoreimage.code.tex 2010/03/25  (rcs-revision 1.16)

(/usr/share/texmf/tex/generic/pgf/basiclayer/pgfcoreexternal.code.tex
File: pgfcoreexternal.code.tex 2010/09/01  (rcs-revision 1.17)
\pgfexternal@startupbox=\box33
))
(/usr/share/texmf/tex/generic/pgf/basiclayer/pgfcorelayers.code.tex
File: pgfcorelayers.code.tex 2010/08/27  (rcs-revision 1.2)
)
(/usr/share/texmf/tex/generic/pgf/basiclayer/pgfcoretransparency.code.tex
File: pgfcoretransparency.code.tex 2008/01/17  (rcs-revision 1.2)
)
(/usr/share/texmf/tex/generic/pgf/basiclayer/pgfcorepatterns.code.tex
File: pgfcorepatterns.code.tex 2009/07/02  (rcs-revision 1.3)
)))
(/usr/share/texmf/tex/generic/pgf/modules/pgfmoduleshapes.code.tex
File: pgfmoduleshapes.code.tex 2010/09/09  (rcs-revision 1.13)
\pgfnodeparttextbox=\box34
)
(/usr/share/texmf/tex/generic/pgf/modules/pgfmoduleplot.code.tex
File: pgfmoduleplot.code.tex 2010/10/22  (rcs-revision 1.8)
)
(/usr/share/texmf/tex/latex/pgf/compatibility/pgfcomp-version-0-65.sty
Package: pgfcomp-version-0-65 2007/07/03 v2.10 (rcs-revision 1.7)
\pgf@nodesepstart=\dimen158
\pgf@nodesepend=\dimen159
)
(/usr/share/texmf/tex/latex/pgf/compatibility/pgfcomp-version-1-18.sty
Package: pgfcomp-version-1-18 2007/07/23 v2.10 (rcs-revision 1.1)
))
(/usr/share/texmf/tex/latex/pgf/utilities/pgffor.sty
(/usr/share/texmf/tex/latex/pgf/utilities/pgfkeys.sty
(/usr/share/texmf/tex/generic/pgf/utilities/pgfkeys.code.tex))
(/usr/share/texmf/tex/generic/pgf/utilities/pgffor.code.tex
Package: pgffor 2010/03/23 v2.10 (rcs-revision 1.18)
\pgffor@iter=\dimen160
\pgffor@skip=\dimen161
\pgffor@stack=\toks39
\pgffor@toks=\toks40
))
(/usr/share/texmf/tex/generic/pgf/frontendlayer/tikz/tikz.code.tex
Package: tikz 2010/10/13 v2.10 (rcs-revision 1.76)

(/usr/share/texmf/tex/generic/pgf/libraries/pgflibraryplothandlers.code.tex
File: pgflibraryplothandlers.code.tex 2010/05/31 v2.10 (rcs-revision 1.15)
\pgf@plot@mark@count=\count117
\pgfplotmarksize=\dimen162
)
\tikz@lastx=\dimen163
\tikz@lasty=\dimen164
\tikz@lastxsaved=\dimen165
\tikz@lastysaved=\dimen166
\tikzleveldistance=\dimen167
\tikzsiblingdistance=\dimen168
\tikz@figbox=\box35
\tikz@tempbox=\box36
\tikztreelevel=\count118
\tikznumberofchildren=\count119
\tikznumberofcurrentchild=\count120
\tikz@fig@count=\count121

(/usr/share/texmf/tex/generic/pgf/modules/pgfmodulematrix.code.tex
File: pgfmodulematrix.code.tex 2010/08/24  (rcs-revision 1.4)
\pgfmatrixcurrentrow=\count122
\pgfmatrixcurrentcolumn=\count123
\pgf@matrix@numberofcolumns=\count124
)
\tikz@expandcount=\count125

(/usr/share/texmf/tex/generic/pgf/frontendlayer/tikz/libraries/tikzlibrarytopat
hs.code.tex
File: tikzlibrarytopaths.code.tex 2008/06/17 v2.10 (rcs-revision 1.2)
)))
(/usr/share/texmf/tex/generic/pgf/frontendlayer/tikz/libraries/tikzlibraryshape
s.code.tex
File: tikzlibraryshapes.code.tex 2008/01/09 v2.10 (rcs-revision 1.1)

(/usr/share/texmf/tex/generic/pgf/frontendlayer/tikz/libraries/tikzlibraryshape
s.geometric.code.tex
File: tikzlibraryshapes.geometric.code.tex 2008/01/09 v2.10 (rcs-revision 1.1)

(/usr/share/texmf/tex/generic/pgf/libraries/shapes/pgflibraryshapes.geometric.c
ode.tex
File: pgflibraryshapes.geometric.code.tex 2008/06/26 v2.10 (rcs-revision 1.1)
))
(/usr/share/texmf/tex/generic/pgf/frontendlayer/tikz/libraries/tikzlibraryshape
s.misc.code.tex
File: tikzlibraryshapes.misc.code.tex 2008/01/09 v2.10 (rcs-revision 1.1)

(/usr/share/texmf/tex/generic/pgf/libraries/shapes/pgflibraryshapes.misc.code.t
ex
File: pgflibraryshapes.misc.code.tex 2008/10/07 v2.10 (rcs-revision 1.3)
))
(/usr/share/texmf/tex/generic/pgf/frontendlayer/tikz/libraries/tikzlibraryshape
s.symbols.code.tex
File: tikzlibraryshapes.symbols.code.tex 2008/01/09 v2.10 (rcs-revision 1.1)

(/usr/share/texmf/tex/generic/pgf/libraries/shapes/pgflibraryshapes.symbols.cod
e.tex
File: pgflibraryshapes.symbols.code.tex 2009/10/27 v2.10 (rcs-revision 1.3)
))
(/usr/share/texmf/tex/generic/pgf/frontendlayer/tikz/libraries/tikzlibraryshape
s.arrows.code.tex
File: tikzlibraryshapes.arrows.code.tex 2008/01/09 v2.10 (rcs-revision 1.1)

(/usr/share/texmf/tex/generic/pgf/libraries/shapes/pgflibraryshapes.arrows.code
.tex
File: pgflibraryshapes.arrows.code.tex 2008/06/26 v2.10 (rcs-revision 1.1)
))
(/usr/share/texmf/tex/generic/pgf/frontendlayer/tikz/libraries/tikzlibraryshape
s.callouts.code.tex
(/usr/share/texmf/tex/generic/pgf/libraries/shapes/pgflibraryshapes.callouts.co
de.tex))
(/usr/share/texmf/tex/generic/pgf/frontendlayer/tikz/libraries/tikzlibraryshape
s.multipart.code.tex
File: tikzlibraryshapes.multipart.code.tex 2008/01/09 v2.10 (rcs-revision 1.1)

(/usr/share/texmf/tex/generic/pgf/libraries/shapes/pgflibraryshapes.multipart.c
ode.tex
File: pgflibraryshapes.multipart.code.tex 2010/01/07 v2.10 (rcs-revision 1.2)
\pgfnodepartlowerbox=\box37
\pgfnodeparttwobox=\box38
\pgfnodepartthreebox=\box39
\pgfnodepartfourbox=\box40
\pgfnodeparttwentybox=\box41
\pgfnodepartnineteenbox=\box42
\pgfnodeparteighteenbox=\box43
\pgfnodepartseventeenbox=\box44
\pgfnodepartsixteenbox=\box45
\pgfnodepartfifteenbox=\box46
\pgfnodepartfourteenbox=\box47
\pgfnodepartthirteenbox=\box48
\pgfnodeparttwelvebox=\box49
\pgfnodepartelevenbox=\box50
\pgfnodeparttenbox=\box51
\pgfnodepartninebox=\box52
\pgfnodeparteightbox=\box53
\pgfnodepartsevenbox=\box54
\pgfnodepartsixbox=\box55
\pgfnodepartfivebox=\box56
)))
(/usr/share/texmf/tex/generic/pgf/frontendlayer/tikz/libraries/tikzlibraryarrow
s.code.tex
File: tikzlibraryarrows.code.tex 2008/01/09 v2.10 (rcs-revision 1.1)

(/usr/share/texmf/tex/generic/pgf/libraries/pgflibraryarrows.code.tex
File: pgflibraryarrows.code.tex 2008/10/27 v2.10 (rcs-revision 1.9)
\arrowsize=\dimen169
))
(/usr/share/texmf/tex/generic/pgf/frontendlayer/tikz/libraries/tikzlibraryautom
ata.code.tex
File: tikzlibraryautomata.code.tex 2008/07/14 v2.10 (rcs-revision 1.3)
)
(/usr/share/texmf/tex/generic/pgf/frontendlayer/tikz/libraries/tikzlibraryposit
ioning.code.tex
File: tikzlibrarypositioning.code.tex 2008/10/06 v2.10 (rcs-revision 1.7)
)
(/usr/share/texmf/tex/generic/pgf/frontendlayer/tikz/libraries/tikzlibraryfit.c
ode.tex
File: tikzlibraryfit.code.tex 2008/06/21 v2.10 (rcs-revision 1.3)
) (/usr/share/texlive/texmf-dist/tex/latex/url/url.sty
\Urlmuskip=\muskip11
Package: url 2006/04/12  ver 3.3  Verb mode for urls, etc.
)
(/usr/share/texlive/texmf-dist/tex/latex/tools/verbatim.sty
Package: verbatim 2003/08/22 v1.5q LaTeX2e package for verbatim enhancements
\every@verbatim=\toks41
\verbatim@line=\toks42
\verbatim@in@stream=\read2
)
(/usr/share/texlive/texmf-dist/tex/latex/tools/array.sty
Package: array 2008/09/09 v2.4c Tabular extension package (FMi)
\col@sep=\dimen170
\extrarowheight=\dimen171
\NC@list=\toks43
\extratabsurround=\skip49
\backup@length=\skip50
)
(/usr/share/texlive/texmf-dist/tex/latex/algorithms/algorithm.sty
Package: algorithm 2009/08/24 v0.1 Document Style `algorithm' - floating enviro
nment

(/usr/share/texlive/texmf-dist/tex/latex/float/float.sty
Package: float 2001/11/08 v1.3d Float enhancements (AL)
\c@float@type=\count126
\float@exts=\toks44
\float@box=\box57
\@float@everytoks=\toks45
\@floatcapt=\box58
)
(/usr/share/texlive/texmf-dist/tex/latex/base/ifthen.sty
Package: ifthen 2001/05/26 v1.1c Standard LaTeX ifthen package (DPC)
)
\@float@every@algorithm=\toks46
\c@algorithm=\count127
)
(/usr/share/texlive/texmf-dist/tex/latex/algorithms/algorithmic.sty
Package: algorithmic 2009/08/24 v0.1 Document Style `algorithmic'
\c@ALC@unique=\count128
\c@ALC@line=\count129
\c@ALC@rem=\count130
\c@ALC@depth=\count131
\ALC@tlm=\skip51
\algorithmicindent=\skip52
)
(/usr/share/texlive/texmf-dist/tex/latex/fixme/fixme.sty
Package: fixme 2009/09/30 v4.1 Insert fixme notes in your documents

(/usr/share/texlive/texmf-dist/tex/latex/xkeyval/xkeyval.sty
Package: xkeyval 2008/08/13 v2.6a package option processing (HA)

(/usr/share/texlive/texmf-dist/tex/generic/xkeyval/xkeyval.tex
\XKV@toks=\toks47
\XKV@tempa@toks=\toks48
\XKV@depth=\count132
File: xkeyval.tex 2008/08/13 v2.6a key=value parser (HA)
))
\c@fixmecount=\count133
\c@fxnotecount=\count134
\c@fxwarningcount=\count135
\c@fxerrorcount=\count136
\c@fxfatalcount=\count137
)
(/usr/share/texlive/texmf-dist/tex/latex/tools/xspace.sty
Package: xspace 2009/10/20 v1.13 Space after command names (DPC,MH)
)
(/usr/share/texlive/texmf-dist/tex/latex/pdfpages/pdfpages.sty
Package: pdfpages 2012/04/03 v0.4s Insert pages of external PDF documents (AM)

(/usr/share/texlive/texmf-dist/tex/latex/tools/calc.sty
Package: calc 2007/08/22 v4.3 Infix arithmetic (KKT,FJ)
\calc@Acount=\count138
\calc@Bcount=\count139
\calc@Adimen=\dimen172
\calc@Bdimen=\dimen173
\calc@Askip=\skip53
\calc@Bskip=\skip54
LaTeX Info: Redefining \setlength on input line 76.
LaTeX Info: Redefining \addtolength on input line 77.
\calc@Ccount=\count140
\calc@Cskip=\skip55
)
(/usr/share/texlive/texmf-dist/tex/latex/eso-pic/eso-pic.sty
Package: eso-pic 2010/10/06 v2.0c eso-pic (RN)

(/usr/share/texlive/texmf-dist/tex/generic/oberdiek/atbegshi.sty
Package: atbegshi 2011/10/05 v1.16 At begin shipout hook (HO)
))
(/usr/share/texlive/texmf-dist/tex/latex/pdfpages/pppdftex.def
File: pppdftex.def 2012/04/03 v0.4s Pdfpages driver for pdfTeX (AM)
)
\AM@pagebox=\box59
\AM@toc@title=\toks49
\c@AM@survey=\count141
\AM@templatesizebox=\box60
)
LaTeX Info: Redefining \. on input line 29.
LaTeX Info: Redefining \% on input line 29.


! LaTeX Error: Option clash for package inputenc.

See the LaTeX manual or LaTeX Companion for explanation.
Type  H <return>  for immediate help.
 ...                                              
                                                  
l.31 
     
? 
(./thesis.aux (./preliminar/portada.aux)
LaTeX Info: Redefining \. on input line 7.
LaTeX Info: Redefining \% on input line 7.
LaTeX Info: Redefining \. on input line 11.
LaTeX Info: Redefining \% on input line 11.
 (./preliminar/dedicatoria.aux)
(./preliminar/resumen.aux) (./principal/1_intro.aux

LaTeX Warning: Label `sec:intro' multiply defined.

) (./principal/2_seleccion.aux

LaTeX Warning: Label `sec:seleccion' multiply defined.

) (./principal/3_metodologia.aux

LaTeX Warning: Label `sec:metodologia' multiply defined.

) (./principal/4_corpus.aux

LaTeX Warning: Label `sec:corpus' multiply defined.

) (./principal/5_algoritmo.aux

LaTeX Warning: Label `sec:algoritmo' multiply defined.

) (./principal/6_evaluacion.aux) (./principal/7_conlusiones.aux))
\openout1 = `thesis.aux'.

LaTeX Font Info:    Checking defaults for OML/cmm/m/it on input line 50.
LaTeX Font Info:    ... okay on input line 50.
LaTeX Font Info:    Checking defaults for T1/cmr/m/n on input line 50.
LaTeX Font Info:    ... okay on input line 50.
LaTeX Font Info:    Checking defaults for OT1/cmr/m/n on input line 50.
LaTeX Font Info:    ... okay on input line 50.
LaTeX Font Info:    Checking defaults for OMS/cmsy/m/n on input line 50.
LaTeX Font Info:    ... okay on input line 50.
LaTeX Font Info:    Checking defaults for OMX/cmex/m/n on input line 50.
LaTeX Font Info:    ... okay on input line 50.
LaTeX Font Info:    Checking defaults for U/cmr/m/n on input line 50.
LaTeX Font Info:    ... okay on input line 50.

*geometry* driver: auto-detecting
*geometry* detected driver: pdftex
*geometry* verbose mode - [ preamble ] result:
* driver: pdftex
* paper: a4paper
* layout: <same size as paper>
* layoutoffset:(h,v)=(0.0pt,0.0pt)
* modes: twoside 
* h-part:(L,W,R)=(108.40492pt, 416.83315pt, 72.2698pt)
* v-part:(T,H,B)=(72.2698pt, 682.58186pt, 90.19518pt)
* \paperwidth=597.50787pt
* \paperheight=845.04684pt
* \textwidth=416.83315pt
* \textheight=682.58186pt
* \oddsidemargin=36.13493pt
* \evensidemargin=-0.00018pt
* \topmargin=-30.06767pt
* \headheight=12.0pt
* \headsep=18.06749pt
* \topskip=10.0pt
* \footskip=25.29494pt
* \marginparwidth=115.0pt
* \marginparsep=7.0pt
* \columnsep=10.0pt
* \skip\footins=9.0pt plus 4.0pt minus 2.0pt
* \hoffset=0.0pt
* \voffset=0.0pt
* \mag=1000
* \@twocolumnfalse
* \@twosidetrue
* \@mparswitchtrue
* \@reversemarginfalse
* (1in=72.27pt=25.4mm, 1cm=28.453pt)

LaTeX Info: Redefining \. on input line 50.
LaTeX Info: Redefining \% on input line 50.
(/usr/share/texlive/texmf-dist/tex/context/base/supp-pdf.mkii
[Loading MPS to PDF converter (version 2006.09.02).]
\scratchcounter=\count142
\scratchdimen=\dimen174
\scratchbox=\box61
\nofMPsegments=\count143
\nofMParguments=\count144
\everyMPshowfont=\toks50
\MPscratchCnt=\count145
\MPscratchDim=\dimen175
\MPnumerator=\count146
\makeMPintoPDFobject=\count147
\everyMPtoPDFconversion=\toks51
) (/usr/share/texlive/texmf-dist/tex/generic/oberdiek/pdftexcmds.sty
Package: pdftexcmds 2011/11/29 v0.20 Utility functions of pdfTeX for LuaTeX (HO
)

(/usr/share/texlive/texmf-dist/tex/generic/oberdiek/ifluatex.sty
Package: ifluatex 2010/03/01 v1.3 Provides the ifluatex switch (HO)
Package ifluatex Info: LuaTeX not detected.
)
Package pdftexcmds Info: LuaTeX not detected.
Package pdftexcmds Info: \pdf@primitive is available.
Package pdftexcmds Info: \pdf@ifprimitive is available.
Package pdftexcmds Info: \pdfdraftmode found.
)
(/usr/share/texlive/texmf-dist/tex/latex/oberdiek/epstopdf-base.sty
Package: epstopdf-base 2010/02/09 v2.5 Base part for package epstopdf

(/usr/share/texlive/texmf-dist/tex/latex/oberdiek/grfext.sty
Package: grfext 2010/08/19 v1.1 Manage graphics extensions (HO)

(/usr/share/texlive/texmf-dist/tex/generic/oberdiek/kvdefinekeys.sty
Package: kvdefinekeys 2011/04/07 v1.3 Define keys (HO)
))
(/usr/share/texlive/texmf-dist/tex/latex/oberdiek/kvoptions.sty
Package: kvoptions 2011/06/30 v3.11 Key value format for package options (HO)

(/usr/share/texlive/texmf-dist/tex/generic/oberdiek/kvsetkeys.sty
Package: kvsetkeys 2012/04/25 v1.16 Key value parser (HO)

(/usr/share/texlive/texmf-dist/tex/generic/oberdiek/etexcmds.sty
Package: etexcmds 2011/02/16 v1.5 Avoid name clashes with e-TeX commands (HO)
Package etexcmds Info: Could not find \expanded.
(etexcmds)             That can mean that you are not using pdfTeX 1.50 or
(etexcmds)             that some package has redefined \expanded.
(etexcmds)             In the latter case, load this package earlier.
)))
Package grfext Info: Graphics extension search list:
(grfext)             [.png,.pdf,.jpg,.mps,.jpeg,.jbig2,.jb2,.PNG,.PDF,.JPG,.JPE
G,.JBIG2,.JB2,.eps]
(grfext)             \AppendGraphicsExtensions on input line 452.

(/usr/share/texlive/texmf-dist/tex/latex/latexconfig/epstopdf-sys.cfg
File: epstopdf-sys.cfg 2010/07/13 v1.3 Configuration of (r)epstopdf for TeX Liv
e
))
ABD: EveryShipout initializing macros
\AtBeginShipoutBox=\box62
 (./preliminar/preliminar.tex
\openout2 = `preliminar/portada.aux'.


(./preliminar/portada.tex <preliminar/unc.jpg, id=4, 1220.56pt x 1606.0pt>
File: preliminar/unc.jpg Graphic file (type jpg)

<use preliminar/unc.jpg>
Package pdftex.def Info: preliminar/unc.jpg used on input line 10.
(pdftex.def)             Requested size: 122.06314pt x 160.6094pt.
 [1




{/var/lib/texmf/fonts/map/pdftex/updmap/pdftex.map} <./preliminar/unc.jpg>]) [2

]
\openout2 = `preliminar/dedicatoria.aux'.

 (./preliminar/dedicatoria.tex) [3

] [4

]
\openout2 = `preliminar/resumen.aux'.


(./preliminar/resumen.tex
Underfull \hbox (badness 10000) in paragraph at lines 4--5

 []


Underfull \hbox (badness 10000) in paragraph at lines 4--5

 []


Underfull \hbox (badness 10000) in paragraph at lines 4--5

 []


Underfull \hbox (badness 10000) in paragraph at lines 4--5

 []

! Undefined control sequence.
\b@arec2:2008:Areces ->\@safe@activesfalse \BCAY 
                                                 {Areces, Koller,\ \ Striegn...
l.19 de~\cite{arec2:2008:Areces,arec:usin11}
                                             para incluir sobre-especificaci...

? 
! Undefined control sequence.
\b@arec:usin11 ->\@safe@activesfalse \BCAY 
                                           {Areces, Figueira,\ \ Gor\'{\i }n...
l.19 de~\cite{arec2:2008:Areces,arec:usin11}
                                             para incluir sobre-especificaci...

? 
! Undefined control sequence.
\b@viet:gene11 ->\@safe@activesfalse \BCAY 
                                           {Viethen}{Viethen}{2011}
l.19 ...bre el corpus GRE3D7 de \cite{viet:gene11}
                                                   y el TUNA corpus de \cite...

? 
! Undefined control sequence.
\b@gatt-balz-kow:2008:ENLG ...@activesfalse \BCAY 
                                                  {Gatt, Belz,\ \ Kow}{Gatt ...
l.19 ...A corpus de \cite{gatt-balz-kow:2008:ENLG}
                                                  . El algoritmo resultante ...

? 
! Undefined control sequence.
\b@graph08 ->\@safe@activesfalse \BCAY 
                                       {{Krahmer}, {Theune}, {Viethen},\ \ {...
l.19 ...ados con los resultados the \cite{graph08}
                                                  , los ganadores de la comp...

? 

Overfull \hbox (33.18196pt too wide) in paragraph at lines 18--21
\T1/cmr/m/n/10 apro-xi-ma-ción de [[], []]
 []

! Undefined control sequence.
\b@arec2:2008:Areces ->\@safe@activesfalse \BCAY 
                                                 {Areces, Koller,\ \ Striegn...
l.31 ...ch of~\cite{arec2:2008:Areces,arec:usin11}
                                                  
? 
! Undefined control sequence.
\b@arec:usin11 ->\@safe@activesfalse \BCAY 
                                           {Areces, Figueira,\ \ Gor\'{\i }n...
l.31 ...ch of~\cite{arec2:2008:Areces,arec:usin11}
                                                  
? 
! Undefined control sequence.
\b@viet:gene11 ->\@safe@activesfalse \BCAY 
                                           {Viethen}{Viethen}{2011}
l.34 ...er the GRE3D7 corpus of~\cite{viet:gene11}
                                                   \textit{and the TUNA corp...

? 
! Undefined control sequence.
\b@gatt-balz-kow:2008:ENLG ...@activesfalse \BCAY 
                                                  {Gatt, Belz,\ \ Kow}{Gatt ...
l.34 ...corpus of ~\cite{gatt-balz-kow:2008:ENLG}}
                                                  .
? 
! Undefined control sequence.
\b@graph08 ->\@safe@activesfalse \BCAY 
                                       {{Krahmer}, {Theune}, {Viethen},\ \ {...
l.39 ...results with the results of~\cite{graph08}
                                                   the winners of the NLG Ch...

? 

Overfull \hbox (2.07845pt too wide) in paragraph at lines 31--41
\T1/cmr/m/n/10 proach of [[], []]
 []


Overfull \hbox (68.05508pt too wide) in paragraph at lines 31--41
\T1/cmr/m/n/10 racy. We al-so com-pa-re our re-sults with the re-sults of [[]]
 []

) [5

] [6


] (./thesis.toc
LaTeX Info: Redefining \. on input line 1.
LaTeX Info: Redefining \% on input line 1.
LaTeX Info: Redefining \. on input line 2.
LaTeX Info: Redefining \% on input line 2.
LaTeX Font Info:    Try loading font information for U+msa on input line 4.

(/usr/share/texlive/texmf-dist/tex/latex/amsfonts/umsa.fd
File: umsa.fd 2009/06/22 v3.00 AMS symbols A
)
LaTeX Font Info:    Try loading font information for U+msb on input line 4.

(/usr/share/texlive/texmf-dist/tex/latex/amsfonts/umsb.fd
File: umsb.fd 2009/06/22 v3.00 AMS symbols B
))
\tf@toc=\write4
\openout4 = `thesis.toc'.

)
(./principal/principal.tex [7]
LaTeX Info: Redefining \. on input line 5.
LaTeX Info: Redefining \% on input line 5.
 [8

]
Cap\'{\i }tulo 1.
[1

]
\openout2 = `principal/1_intro.aux'.

 (./principal/1_intro.tex
! Undefined control sequence.
\b@dale2000 ->\@safe@activesfalse \BCAY 
                                        {Reiter\ \ Dale}{Reiter\ \ Dale}{2000}
l.5 ...menes de información médica~\cite{dale2000}
                                                  . Muchos sistemas de GLN i...

? 
! Undefined control sequence.
\b@Mellish2004 ->\@safe@activesfalse \BCAY 
                                           {Mellish\ \ Evans}{Mellish\ \ Eva...
l.5 ...cluyen un módulo de GER ~\cite{Mellish2004}
                                                  .
? 

LaTeX Warning: Citation `Drager:2012:GLN:2380816.2380908' on page 2 undefined o
n input line 7.


LaTeX Warning: Citation `foster-etal-ijcai2009' on page 2 undefined on input li
ne 7.

)
LaTeX Info: Redefining \. on input line 13.
LaTeX Info: Redefining \% on input line 13.
 [2

]
Cap\'{\i }tulo 2.
[3


]
\openout2 = `principal/2_seleccion.aux'.

 (./principal/2_seleccion.tex)
LaTeX Info: Redefining \. on input line 17.
LaTeX Info: Redefining \% on input line 17.
 [4

]
Cap\'{\i }tulo 3.
[5


]
\openout2 = `principal/3_metodologia.aux'.

 (./principal/3_metodologia.tex)
LaTeX Info: Redefining \. on input line 21.
LaTeX Info: Redefining \% on input line 21.
 [6

]
Cap\'{\i }tulo 4.
[7


]
\openout2 = `principal/4_corpus.aux'.

 (./principal/4_corpus.tex
Underfull \hbox (badness 10000) in paragraph at lines 5--7

 []

)
LaTeX Info: Redefining \. on input line 25.
LaTeX Info: Redefining \% on input line 25.
 [8

]
Cap\'{\i }tulo 5.
[9


]
\openout2 = `principal/5_algoritmo.aux'.

 (./principal/5_algoritmo.tex)
LaTeX Info: Redefining \. on input line 29.
LaTeX Info: Redefining \% on input line 29.
 [10

]
Cap\'{\i }tulo 6.
[11


]
\openout2 = `principal/6_evaluacion.aux'.

 (./principal/6_evaluacion.tex)
LaTeX Info: Redefining \. on input line 35.
LaTeX Info: Redefining \% on input line 35.
 [12


\newlabel{sec:evaluacion}{{6}{12}}


]
Cap\'{\i }tulo 7.
[13]
\openout2 = `principal/7_conlusiones.aux'.


No file principal/7_conlusiones.tex.
(./thesis.bbl
LaTeX Info: Redefining \. on input line 1.
LaTeX Info: Redefining \% on input line 1.
 [14



]
! Undefined control sequence.
<argument> \protect \BCAY 
                          {Areces, Figueira,\ \BBA \ Gor\'{\i }n}{Areces et~...
l.4   et~al.}{2011}]{arec:usin11}
                                 
? 
! Undefined control sequence.
<argument> ...tect \BCAY {Areces, Figueira,\ \BBA 
                                                  \ Gor\'{\i }n}{Areces et~a...
l.4   et~al.}{2011}]{arec:usin11}
                                 
? 
! Undefined control sequence.
<write> ...protect \BCAY {Areces, Figueira,\ \BBA 
                                                  \ Gor\'{\i }n}{Areces et~a...
l.4   et~al.}{2011}]{arec:usin11}
                                 
? 
! Undefined control sequence.
l.5 Areces, C., Figueira, S., \BBA
                                  \ Gor\'{\i}n, D. \BBOP2011\BBCP.
? 
! Undefined control sequence.
l.5 ...., Figueira, S., \BBA\ Gor\'{\i}n, D. \BBOP
                                                  2011\BBCP.
? 
! Undefined control sequence.
l.5 ...ra, S., \BBA\ Gor\'{\i}n, D. \BBOP2011\BBCP
                                                  .
? 
! Undefined control sequence.
l.6 \newblock \BBOQ
                    Using logic in the generation of referring expressions\B...

? 
! Undefined control sequence.
l.6 ...he generation of referring expressions\BBCQ
                                                  \
? 
! Undefined control sequence.
l.7 \newblock In Pogodalla, S.\BBACOMMA
                                       \  \BBA\ Prost, J.\BEDS, {\Bem Procee...

? 
! Undefined control sequence.
l.7 \newblock In Pogodalla, S.\BBACOMMA\  \BBA
                                              \ Prost, J.\BEDS, {\Bem Procee...

? 
! Undefined control sequence.
l.7 ...godalla, S.\BBACOMMA\  \BBA\ Prost, J.\BEDS
                                                  , {\Bem Proceedings
? 
! Undefined control sequence.
l.7 ..., S.\BBACOMMA\  \BBA\ Prost, J.\BEDS, {\Bem
                                                   Proceedings
? 
! Undefined control sequence.
<recently read> \BVOL 
                      
l.9   Linguistics (LACL 2011)}, \lowercase{\BVOL}
                                                 \ 6736 of {\Bem Lecture Not...

? 
! Undefined control sequence.
l.9 ...CL 2011)}, \lowercase{\BVOL}\ 6736 of {\Bem
                                                   Lecture Notes in
? 
! Undefined control sequence.
l.10   Computer Science}, \BPGS
                               \ 17--32, Montpelier. Springer.
? 
! Undefined control sequence.
<argument> \protect \BCAY 
                          {Areces, Koller,\ \BBA \ Striegnitz}{Areces et~al....
l.13   et~al.}{2008}]{arec2:2008:Areces}
                                        
? 
! Undefined control sequence.
<argument> \protect \BCAY {Areces, Koller,\ \BBA 
                                                 \ Striegnitz}{Areces et~al....
l.13   et~al.}{2008}]{arec2:2008:Areces}
                                        
? 
! Undefined control sequence.
<write> ...{\protect \BCAY {Areces, Koller,\ \BBA 
                                                  \ Striegnitz}{Areces et~al...
l.13   et~al.}{2008}]{arec2:2008:Areces}
                                        
? 
! Undefined control sequence.
l.14 Areces, C., Koller, A., \BBA
                                 \ Striegnitz, K. \BBOP2008\BBCP.
? 
! Undefined control sequence.
l.14 ...C., Koller, A., \BBA\ Striegnitz, K. \BBOP
                                                  2008\BBCP.
? 
! Undefined control sequence.
l.14 ...r, A., \BBA\ Striegnitz, K. \BBOP2008\BBCP
                                                  .
? 
! Undefined control sequence.
l.15 \newblock \BBOQ
                     Referring expressions as formulas of description logic\...

? 
! Undefined control sequence.
l.15 ...ions as formulas of description logic\BBCQ
                                                  \
? 
! Undefined control sequence.
l.16 \newblock In {\Bem
                        Proceedings of the 5th International Natural Language
? 
! Undefined control sequence.
l.17   Generation Conference (INLG'08)}, \BPGS
                                              \ 42--49, Morristown, NJ, USA.
? 
! Undefined control sequence.
<argument> \protect \BCAY 
                          {Gatt, Belz,\ \BBA \ Kow}{Gatt et~al.}{2008}
l.21   et~al.}{2008}]{gatt-balz-kow:2008:ENLG}
                                              
? 
! Undefined control sequence.
<argument> \protect \BCAY {Gatt, Belz,\ \BBA 
                                             \ Kow}{Gatt et~al.}{2008}
l.21   et~al.}{2008}]{gatt-balz-kow:2008:ENLG}
                                              
? 
! Undefined control sequence.
<write> ...NLG}{\protect \BCAY {Gatt, Belz,\ \BBA 
                                                  \ Kow}{Gatt et~al.}{2008}}
l.21   et~al.}{2008}]{gatt-balz-kow:2008:ENLG}
                                              
? 
! Undefined control sequence.
l.22 Gatt, A., Belz, A., \BBA
                             \ Kow, E. \BBOP2008\BBCP.
? 
! Undefined control sequence.
l.22 Gatt, A., Belz, A., \BBA\ Kow, E. \BBOP
                                            2008\BBCP.
? 
! Undefined control sequence.
l.22 ...A., Belz, A., \BBA\ Kow, E. \BBOP2008\BBCP
                                                  .
? 
! Undefined control sequence.
l.23 \newblock \BBOQ
                     The tuna challenge 2008: Overview and evaluation result...

? 
! Undefined control sequence.
l.23 ...2008: Overview and evaluation results\BBCQ
                                                  \
? 
! Undefined control sequence.
l.24 \newblock In {\Bem
                        Proceedings of the 5th International Conference on N...

? 
! Undefined control sequence.
l.25   Language Generation (INLG 2008)}, \BPGS
                                              \ 198--206. Association for
? 
! Undefined control sequence.
<argument> \protect \BCAY 
                          {{Krahmer}, {Theune}, {Viethen},\ \BBA \^^M{Hendri...
l.29 ...drickx}}{{Krahmer} et~al.}{2008}]{graph08}
                                                  
? 
! Undefined control sequence.
<argument> ...rahmer}, {Theune}, {Viethen},\ \BBA 
                                                  \^^M{Hendrickx}}{{Krahmer}...
l.29 ...drickx}}{{Krahmer} et~al.}{2008}]{graph08}
                                                  
? 
! Undefined control sequence.
<write> ...{{Krahmer}, {Theune}, {Viethen},\ \BBA 
                                                  \^^M{Hendrickx}}{{Krahmer}...
l.29 ...drickx}}{{Krahmer} et~al.}{2008}]{graph08}
                                                  
? 
! Undefined control sequence.
l.30 ...er}, E., {Theune}, M., {Viethen}, J., \BBA
                                                  \ {Hendrickx}, I.
? 
! Undefined control sequence.
l.31   \BBOP
            2008\BBCP.
? 
! Undefined control sequence.
l.31   \BBOP2008\BBCP
                     .
? 
! Undefined control sequence.
l.32 \newblock \BBOQ
                     Graph: The costs of redundancy in referring expressions...

? 
! Undefined control sequence.
l.32 ...f redundancy in referring expressions\BBCQ
                                                  \
? 
! Undefined control sequence.
l.33 \newblock In {\Bem
                        5th International Natural Language Generation Confer...

? 
! Undefined control sequence.
l.34   INLG 2008}, \BPGS
                        \ 227--229. The Association for Computational Lingui...

? 
! Undefined control sequence.
<argument> \protect \BCAY 
                          {Mellish\ \BBA \ Evans}{Mellish\ \BBA \^^MEvans}{2...
l.37   Evans}{2004}]{Mellish2004}
                                 
? 
! Undefined control sequence.
<argument> \protect \BCAY {Mellish\ \BBA 
                                         \ Evans}{Mellish\ \BBA \^^MEvans}{2...
l.37   Evans}{2004}]{Mellish2004}
                                 
? 
! Undefined control sequence.
<argument> ...ellish\ \BBA \ Evans}{Mellish\ \BBA 
                                                  \^^MEvans}{2004}
l.37   Evans}{2004}]{Mellish2004}
                                 
? 
! Undefined control sequence.
<write> ...ish2004}{\protect \BCAY {Mellish\ \BBA 
                                                  \ Evans}{Mellish\ \BBA \^^...
l.37   Evans}{2004}]{Mellish2004}
                                 
? 
! Undefined control sequence.
<write> ... {Mellish\ \BBA \ Evans}{Mellish\ \BBA 
                                                  \^^MEvans}{2004}}
l.37   Evans}{2004}]{Mellish2004}
                                 
? 
! Undefined control sequence.
l.38 Mellish, C.\BBACOMMA
                         \  \BBA\ Evans, R. \BBOP2004\BBCP.
? 
! Undefined control sequence.
l.38 Mellish, C.\BBACOMMA\  \BBA
                                \ Evans, R. \BBOP2004\BBCP.
? 
! Undefined control sequence.
l.38 Mellish, C.\BBACOMMA\  \BBA\ Evans, R. \BBOP
                                                 2004\BBCP.
? 
! Undefined control sequence.
l.38 ...\BBACOMMA\  \BBA\ Evans, R. \BBOP2004\BBCP
                                                  .
? 
! Undefined control sequence.
l.39 \newblock \BBOQ
                     Implementation architectures for natural language
? 
! Undefined control sequence.
l.40   generation\BBCQ
                      \
? 
! Undefined control sequence.
l.41 \newblock {\Bem
                     Natural Language Engineering}, {\Bem 10\/}(3/4).
? 
! Undefined control sequence.
l.41 ...{\Bem Natural Language Engineering}, {\Bem
                                                   10\/}(3/4).
? 
! Undefined control sequence.
<argument> \protect \BCAY 
                          {Reiter\ \BBA \ Dale}{Reiter\ \BBA \ Dale}{2000}
l.43 ...Dale}{Reiter\ \BBA\ Dale}{2000}]{dale2000}
                                                  
? 
! Undefined control sequence.
<argument> \protect \BCAY {Reiter\ \BBA 
                                        \ Dale}{Reiter\ \BBA \ Dale}{2000}
l.43 ...Dale}{Reiter\ \BBA\ Dale}{2000}]{dale2000}
                                                  
? 
! Undefined control sequence.
<argument> ... {Reiter\ \BBA \ Dale}{Reiter\ \BBA 
                                                  \ Dale}{2000}
l.43 ...Dale}{Reiter\ \BBA\ Dale}{2000}]{dale2000}
                                                  
? 
! Undefined control sequence.
<write> ...dale2000}{\protect \BCAY {Reiter\ \BBA 
                                                  \ Dale}{Reiter\ \BBA \ Dal...
l.43 ...Dale}{Reiter\ \BBA\ Dale}{2000}]{dale2000}
                                                  
? 
! Undefined control sequence.
<write> ...CAY {Reiter\ \BBA \ Dale}{Reiter\ \BBA 
                                                  \ Dale}{2000}}
l.43 ...Dale}{Reiter\ \BBA\ Dale}{2000}]{dale2000}
                                                  
? 
! Undefined control sequence.
l.44 Reiter, E.\BBACOMMA
                        \  \BBA\ Dale, R. \BBOP2000\BBCP.
? 
! Undefined control sequence.
l.44 Reiter, E.\BBACOMMA\  \BBA
                               \ Dale, R. \BBOP2000\BBCP.
? 
! Undefined control sequence.
l.44 Reiter, E.\BBACOMMA\  \BBA\ Dale, R. \BBOP
                                               2000\BBCP.
? 
! Undefined control sequence.
l.44 ....\BBACOMMA\  \BBA\ Dale, R. \BBOP2000\BBCP
                                                  .
? 
! Undefined control sequence.
l.45 \newblock {\Bem
                     Building Natural Language Generation Systems}.
? 
! Undefined control sequence.
<argument> \protect \BCAY 
                          {Viethen}{Viethen}{2011}
l.48 ...BCAY{Viethen}{Viethen}{2011}]{viet:gene11}
                                                  
? 
! Undefined control sequence.
l.49 Viethen, H. A.~E. \BBOP
                            2011\BBCP.
? 
! Undefined control sequence.
l.49 Viethen, H. A.~E. \BBOP2011\BBCP
                                     .
? 
! Undefined control sequence.
l.50 \newblock {\Bem
                     {The Generation of Natural Descriptions: Corpus-Based
? 
)

FiXme Summary: Number of notes: 0,
(FiXme)        Number of warnings: 0,
(FiXme)        Number of errors: 0,
(FiXme)        Number of fatal errors: 0,
(FiXme)        Total: 0.

[15] (./thesis.aux (./preliminar/portada.aux)
LaTeX Info: Redefining \. on input line 7.
LaTeX Info: Redefining \% on input line 7.
LaTeX Info: Redefining \. on input line 11.
LaTeX Info: Redefining \% on input line 11.
 (./preliminar/dedicatoria.aux)
(./preliminar/resumen.aux) (./principal/1_intro.aux)
(./principal/2_seleccion.aux) (./principal/3_metodologia.aux)
(./principal/4_corpus.aux) (./principal/5_algoritmo.aux)
(./principal/6_evaluacion.aux) (./principal/7_conlusiones.aux))

LaTeX Warning: There were undefined references.


LaTeX Warning: There were multiply-defined labels.

 ) )
(\end occurred inside a group at level 1)

### simple group (level 1) entered at line 30 ({)
### bottom level 
Here is how much of TeX's memory you used:
 16033 strings out of 493485
 302086 string characters out of 3143526
 403035 words of memory out of 3000000
 18872 multiletter control sequences out of 15000+200000
 20214 words of font info for 42 fonts, out of 3000000 for 9000
 957 hyphenation exceptions out of 8191
 56i,6n,60p,2119b,386s stack positions out of 5000i,500n,10000p,200000b,50000s
{/usr/share/texmf/fonts/enc/dvips/cm-super/cm-super-t1.enc}</us
r/share/texmf/fonts/type1/public/cm-super/sfbi1000.pfb></usr/share/texmf/fonts/
type1/public/cm-super/sfbx1000.pfb></usr/share/texmf/fonts/type1/public/cm-supe
r/sfbx1200.pfb></usr/share/texmf/fonts/type1/public/cm-super/sfbx1440.pfb></usr
/share/texmf/fonts/type1/public/cm-super/sfbx1728.pfb></usr/share/texmf/fonts/t
ype1/public/cm-super/sfbx2074.pfb></usr/share/texmf/fonts/type1/public/cm-super
/sfbx2488.pfb></usr/share/texmf/fonts/type1/public/cm-super/sfcc1000.pfb></usr/
share/texmf/fonts/type1/public/cm-super/sfcc1440.pfb></usr/share/texmf/fonts/ty
pe1/public/cm-super/sfcc2074.pfb></usr/share/texmf/fonts/type1/public/cm-super/
sfrm1000.pfb></usr/share/texmf/fonts/type1/public/cm-super/sfrm1200.pfb></usr/s
hare/texmf/fonts/type1/public/cm-super/sfrm1440.pfb></usr/share/texmf/fonts/typ
e1/public/cm-super/sfsl1000.pfb></usr/share/texmf/fonts/type1/public/cm-super/s
fti1000.pfb></usr/share/texmf/fonts/type1/public/cm-super/sfxc1000.pfb>
Output written on thesis.pdf (23 pages, 804862 bytes).
PDF statistics:
 148 PDF objects out of 1000 (max. 8388607)
 104 compressed objects within 2 object streams
 0 named destinations out of 1000 (max. 500000)
 18 words of extra memory for PDF output out of 10000 (max. 10000000)

